<?xml version="1.0" encoding="UTF-8"?>
<!-- Generated by org.testng.reporters.JUnitReportReporter -->
<testsuite hostname="mac" failures="0" tests="1" name="TestNG" time="1.758" errors="0" timestamp="2022-07-10T15:36:25 IST" skipped="0">
  <testcase classname="TestNG" name="getCoursesSum" time="1.758"/>
  <system-out/>
</testsuite> <!-- TestNG -->
