<?xml version="1.0" encoding="UTF-8"?>
<!-- Generated by org.testng.reporters.JUnitReportReporter -->
<testsuite hostname="mac" failures="0" tests="1" name="SectionSix" time="1.819" errors="0" timestamp="2022-07-10T15:47:23 IST" skipped="0">
  <testcase classname="SectionSix" name="getCoursesSum" time="1.819"/>
  <system-out/>
</testsuite> <!-- SectionSix -->
